<?xml version="1.0" encoding="UTF-8"?>
<testng-results ignored="0" total="1" passed="1" failed="0" skipped="0">
  <reporter-output>
  </reporter-output>
  <suite started-at="2024-03-25T09:46:02 IST" name="Default suite" finished-at="2024-03-25T09:46:39 IST" duration-ms="36905">
    <groups>
      <group name="cucumber">
        <method signature="TestRunner.scenario(io.cucumber.testng.PickleWrapper,io.cucumber.testng.FeatureWrapper)[pri:0, instance:Runner.TestRunner@75d3a5e0]" name="scenario" class="Runner.TestRunner"/>
      </group> <!-- cucumber -->
    </groups>
    <test started-at="2024-03-25T09:46:02 IST" name="Default test" finished-at="2024-03-25T09:46:39 IST" duration-ms="36905">
      <class name="Runner.TestRunner">
        <test-method is-config="true" signature="setUpClass()[pri:0, instance:Runner.TestRunner@75d3a5e0]" started-at="2024-03-25T09:46:02 IST" name="setUpClass" finished-at="2024-03-25T09:46:03 IST" duration-ms="1177" status="PASS">
          <reporter-output>
          </reporter-output>
        </test-method> <!-- setUpClass -->
        <test-method signature="scenario(io.cucumber.testng.PickleWrapper,io.cucumber.testng.FeatureWrapper)[pri:0, instance:Runner.TestRunner@75d3a5e0]" started-at="2024-03-25T09:46:03 IST" name="scenario" description="Runs Cucumber Scenarios" data-provider="scenarios" finished-at="2024-03-25T09:46:39 IST" duration-ms="35592" status="PASS">
          <params>
            <param index="0">
              <value>
                <![CDATA["As a customer when I search for Monitor, I want to see if the first selected item price is consistency after adding to the cart."]]>
              </value>
            </param>
            <param index="1">
              <value>
                <![CDATA["Verify adding a Monitor to cart on Amazon portal"]]>
              </value>
            </param>
          </params>
          <reporter-output>
          </reporter-output>
        </test-method> <!-- scenario -->
        <test-method is-config="true" signature="tearDownClass()[pri:0, instance:Runner.TestRunner@75d3a5e0]" started-at="2024-03-25T09:46:39 IST" name="tearDownClass" finished-at="2024-03-25T09:46:39 IST" duration-ms="16" status="PASS">
          <reporter-output>
          </reporter-output>
        </test-method> <!-- tearDownClass -->
      </class> <!-- Runner.TestRunner -->
    </test> <!-- Default test -->
  </suite> <!-- Default suite -->
</testng-results>
